panelfixture/build/intermediates/manifest_merge_blame_file/debug/processDebugMainManifest/manifest-merger-blame-debug-report.txt
1<?xml version="1.0" encoding="utf-8"?>
2<manifest xmlns:android="http://schemas.android.com/apk/res/android"
3    package="com.example.ultrainfoboard.panelfixture"
4    android:versionCode="1"
5    android:versionName="1" >
6
7    <uses-sdk
8        android:minSdkVersion="36"
9        android:targetSdkVersion="36" />
10    <!-- Installed only on disposable emulators. Never packaged in the user APK. -->
11    <uses-feature
11-->src/main/AndroidManifest.xml:3:5-88
12        android:name="android.hardware.type.watch"
12-->src/main/AndroidManifest.xml:3:19-61
13        android:required="true" />
13-->src/main/AndroidManifest.xml:3:62-85
14
15    <application
15-->src/main/AndroidManifest.xml:4:5-15:19
16        android:appComponentFactory="androidx.core.app.CoreComponentFactory"
16-->[androidx.core:core:1.7.0] AndroidManifest.xml:24:18-86
17        android:debuggable="true"
18        android:extractNativeLibs="false"
19        android:label="Panel test"
19-->src/main/AndroidManifest.xml:4:18-44
20        android:testOnly="true"
20-->src/main/AndroidManifest.xml:4:45-68
21        android:theme="@android:style/Theme.Material.NoActionBar" >
21-->src/main/AndroidManifest.xml:4:69-126
22        <activity
22-->src/main/AndroidManifest.xml:5:9-112
23            android:name="com.example.ultrainfoboard.bridge.ChartTestActivity"
23-->src/main/AndroidManifest.xml:5:19-85
24            android:exported="true" />
24-->src/main/AndroidManifest.xml:5:86-109
25
26        <service
26-->src/main/AndroidManifest.xml:6:9-14:19
27            android:name="com.example.ultrainfoboard.bridge.ChartTestService"
27-->src/main/AndroidManifest.xml:6:18-83
28            android:exported="true"
28-->src/main/AndroidManifest.xml:7:13-36
29            android:label="Test chart"
29-->src/main/AndroidManifest.xml:7:37-63
30            android:permission="com.google.android.wearable.permission.BIND_COMPLICATION_PROVIDER" >
30-->src/main/AndroidManifest.xml:8:13-99
31            <intent-filter>
31-->src/main/AndroidManifest.xml:9:13-11:29
32                <action android:name="android.support.wearable.complications.ACTION_COMPLICATION_UPDATE_REQUEST" />
32-->src/main/AndroidManifest.xml:10:17-116
32-->src/main/AndroidManifest.xml:10:25-113
33            </intent-filter>
34
35            <meta-data
35-->src/main/AndroidManifest.xml:12:13-124
36                android:name="android.support.wearable.complications.SUPPORTED_TYPES"
36-->src/main/AndroidManifest.xml:12:24-93
37                android:value="SMALL_IMAGE" />
37-->src/main/AndroidManifest.xml:12:94-121
38            <meta-data
38-->src/main/AndroidManifest.xml:13:13-120
39                android:name="android.support.wearable.complications.UPDATE_PERIOD_SECONDS"
39-->src/main/AndroidManifest.xml:13:24-99
40                android:value="0" />
40-->src/main/AndroidManifest.xml:13:100-117
41        </service>
42
43        <uses-library
43-->[androidx.wear.watchface:watchface-complications-data:1.3.0] AndroidManifest.xml:8:9-10:40
44            android:name="com.google.android.wearable"
44-->[androidx.wear.watchface:watchface-complications-data:1.3.0] AndroidManifest.xml:9:13-55
45            android:required="false" />
45-->[androidx.wear.watchface:watchface-complications-data:1.3.0] AndroidManifest.xml:10:13-37
46        <uses-library
46-->[androidx.wear.watchface:watchface-complications-data:1.3.0] AndroidManifest.xml:11:9-13:40
47            android:name="wear-sdk"
47-->[androidx.wear.watchface:watchface-complications-data:1.3.0] AndroidManifest.xml:12:13-36
48            android:required="false" />
48-->[androidx.wear.watchface:watchface-complications-data:1.3.0] AndroidManifest.xml:13:13-37
49    </application>
50
51</manifest>